[+] Containers:
 |- [+] Container: /Game/ThirdPerson/Maps/ThirdPersonMap
 |   |- [+] ActorDescs:
 |   |   |- Guid:03CB0D7B4C493C268E5099BA0CDD30D3 BaseClass:/Game/ThirdPerson/Blueprints/BP_Key.BP_Key_C NativeClass:/Script/Engine.Actor Name:BP_Key_C_UAID_04BF1B00C56FA62A02_1935693067 Label:BP_Key SpatiallyLoaded:1 Bounds:IsValid=true, Min=(X=258.132 Y=4121.707 Z=-1.909), Max=(X=286.947 Y=4173.753 Z=136.289) RuntimeGrid:None EditorOnly:0 RuntimeOnly:0 HLODRelevant:0 ListedInSceneOutliner:1 IsMainWorldOnly:0
 |   |   |- Guid:0692CA40407E43552B0CB58BE7F7CA66 BaseClass:/Game/Characters/BP_Crow.BP_Crow_C NativeClass:/Script/Engine.Actor Name:BP_Crow_C_UAID_04BF1B00C56F2C2802_1957458494 Label:BP_Crow SpatiallyLoaded:1 Bounds:IsValid=true, Min=(X=141.412 Y=3044.400 Z=-0.033), Max=(X=418.588 Y=3215.600 Z=96.300) RuntimeGrid:None EditorOnly:0 RuntimeOnly:0 HLODRelevant:0 ListedInSceneOutliner:1 IsMainWorldOnly:0
 |   |   |- Guid:2B5CCDA24268B96F648D1BAB5FA71DEE BaseClass: NativeClass:/Script/Engine.StaticMeshActor Name:StaticMeshActor_UAID_04BF1B00C56FA62A02_1177460065 Label:SM_Cube11 SpatiallyLoaded:1 Bounds:IsValid=true, Min=(X=10.000 Y=3390.000 Z=0.000), Max=(X=110.000 Y=4815.000 Z=400.000) RuntimeGrid:None EditorOnly:0 RuntimeOnly:0 HLODRelevant:1 ListedInSceneOutliner:1 IsMainWorldOnly:0 FolderPath:Playground FolderGuid:C73F09FC4215536B1DCE2A9E0A830C70
 |   |   |- Guid:2FB58999456391D349DC0F86DAC136ED BaseClass: NativeClass:/Script/Engine.SkyLight Name:SkyLight_1 Label:SkyLight SpatiallyLoaded:0 Bounds:IsValid=true, Min=(X=0.000 Y=0.000 Z=690.000), Max=(X=0.000 Y=0.000 Z=690.000) RuntimeGrid:None EditorOnly:0 RuntimeOnly:0 HLODRelevant:0 ListedInSceneOutliner:1 IsMainWorldOnly:0 FolderPath:Lighting FolderGuid:963EC3EB4002CCE9759E2EBA541A873A
 |   |   |- Guid:316CF2A6494ACA4C0E4180A87D36AB8F BaseClass: NativeClass:/Script/Engine.ExponentialHeightFog Name:ExponentialHeightFog_0 Label:ExponentialHeightFog SpatiallyLoaded:0 Bounds:IsValid=true, Min=(X=-5600.000 Y=-50.000 Z=-6850.000), Max=(X=-5600.000 Y=-50.000 Z=-6850.000) RuntimeGrid:None EditorOnly:0 RuntimeOnly:0 HLODRelevant:0 ListedInSceneOutliner:1 IsMainWorldOnly:0 FolderPath:Lighting FolderGuid:963EC3EB4002CCE9759E2EBA541A873A
 |   |   |- Guid:3249A2F34F7284F8920EE1AE057E8EBA BaseClass: NativeClass:/Script/Engine.StaticMeshActor Name:StaticMeshActor_UAID_04BF1B00C56F852702_2052570090 Label:Cube3 SpatiallyLoaded:1 Bounds:IsValid=true, Min=(X=1090.000 Y=300.000 Z=-9.125), Max=(X=1190.000 Y=400.000 Z=149.125) RuntimeGrid:None EditorOnly:0 RuntimeOnly:0 HLODRelevant:1 ListedInSceneOutliner:1 IsMainWorldOnly:0
 |   |   |- Guid:3A00AA1C422CE54C0BDB60BAF471BFBB BaseClass: NativeClass:/Script/Engine.PlayerStart Name:PlayerStart_0 Label:PlayerStart SpatiallyLoaded:0 Bounds:IsValid=true, Min=(X=2304.665 Y=2756.454 Z=0.000), Max=(X=2384.665 Y=2836.454 Z=184.000) RuntimeGrid:None EditorOnly:0 RuntimeOnly:0 HLODRelevant:0 ListedInSceneOutliner:1 IsMainWorldOnly:0
 |   |   |- Guid:3D8C2CB744306C67B13669B62EC9595F BaseClass:/Game/ThirdPerson/Blueprints/BP_GrabbablePig.BP_GrabbablePig_C NativeClass:/Script/Engine.Actor Name:BP_GrabbablePig_C_UAID_04BF1B00C56F2B2802_1372457312 Label:BP_GrabbablePig SpatiallyLoaded:1 Bounds:IsValid=true, Min=(X=1769.200 Y=2521.360 Z=-3.648), Max=(X=1990.800 Y=2738.640 Z=103.648) RuntimeGrid:None EditorOnly:0 RuntimeOnly:0 HLODRelevant:0 ListedInSceneOutliner:1 IsMainWorldOnly:0
 |   |   |- Guid:43815E84492231AFC407F59E3C28176B BaseClass: NativeClass:/Script/Engine.StaticMeshActor Name:StaticMeshActor_4 Label:SM_Cube6 SpatiallyLoaded:1 Bounds:IsValid=true, Min=(X=2900.000 Y=750.000 Z=0.000), Max=(X=3000.000 Y=3162.507 Z=400.000) RuntimeGrid:None EditorOnly:0 RuntimeOnly:0 HLODRelevant:1 ListedInSceneOutliner:1 IsMainWorldOnly:0 FolderPath:Playground FolderGuid:C73F09FC4215536B1DCE2A9E0A830C70
 |   |   |- Guid:4D3BE93F4146AAAC8BBE79999D96D57F BaseClass: NativeClass:/Script/Engine.VolumetricCloud Name:VolumetricCloud_0 Label:VolumetricCloud SpatiallyLoaded:0 Bounds:IsValid=true, Min=(X=0.000 Y=0.000 Z=820.000), Max=(X=0.000 Y=0.000 Z=820.000) RuntimeGrid:None EditorOnly:0 RuntimeOnly:0 HLODRelevant:0 ListedInSceneOutliner:1 IsMainWorldOnly:0 FolderPath:Lighting FolderGuid:963EC3EB4002CCE9759E2EBA541A873A
 |   |   |- Guid:4FF8C1F448512692C72ED39E8D95E1BA BaseClass:/Game/Characters/Mesh/AI/BP_NPC.BP_NPC_C NativeClass:/Script/Engine.Character Name:BP_NPC_C_UAID_04BF1B00C56F862702_1778745269 Label:BP_NPC SpatiallyLoaded:1 Bounds:IsValid=true, Min=(X=1676.000 Y=970.236 Z=-24.679), Max=(X=1751.086 Y=1047.818 Z=156.000) RuntimeGrid:None EditorOnly:0 RuntimeOnly:0 HLODRelevant:0 ListedInSceneOutliner:1 IsMainWorldOnly:0
 |   |   |- Guid:577974394295E8CA8898B28362FA5F96 BaseClass:/Game/ThirdPerson/Blueprints/BP_GrabbableDeer.BP_GrabbableDeer_C NativeClass:/Script/Engine.Actor Name:BP_GrabbableDeer_C_UAID_04BF1B00C56F2B2802_1483456314 Label:BP_GrabbableDeer SpatiallyLoaded:1 Bounds:IsValid=true, Min=(X=1779.200 Y=2221.360 Z=-3.648), Max=(X=2000.800 Y=2438.640 Z=103.648) RuntimeGrid:None EditorOnly:0 RuntimeOnly:0 HLODRelevant:0 ListedInSceneOutliner:1 IsMainWorldOnly:0
 |   |   |- Guid:5B97F4A64FB21F77EFC44386BF705B4C BaseClass: NativeClass:/Script/Engine.TextRenderActor Name:TextRenderActor_1 Label:TextRenderActor SpatiallyLoaded:1 Bounds:IsValid=true, Min=(X=-0.100 Y=1100.000 Z=65.013), Max=(X=-0.100 Y=2392.308 Z=215.013) RuntimeGrid:None EditorOnly:0 RuntimeOnly:0 HLODRelevant:0 ListedInSceneOutliner:1 IsMainWorldOnly:0
 |   |   |- Guid:5D32248C432990AC6D3AE0BE88263E6E BaseClass: NativeClass:/Script/Engine.StaticMeshActor Name:StaticMeshActor_UAID_04BF1B00C56F852702_2001035089 Label:Cube2 SpatiallyLoaded:1 Bounds:IsValid=true, Min=(X=1090.000 Y=790.000 Z=0.875), Max=(X=1190.000 Y=890.000 Z=159.125) RuntimeGrid:None EditorOnly:0 RuntimeOnly:0 HLODRelevant:1 ListedInSceneOutliner:1 IsMainWorldOnly:0
 |   |   |- Guid:648A3DA24B70BFF00829C2B42AE5EF9C BaseClass:/Game/Characters/Mesh/AI/AIObject_PatrolPathPoint.AIObject_PatrolPathPoint_C NativeClass:/Script/Engine.Actor Name:AIObject_PatrolPathPoint_C_UAID_04BF1B00C56F872702_1432148446 Label:AIObject_PatrolPathPoint SpatiallyLoaded:1 Bounds:IsValid=true, Min=(X=2030.000 Y=1000.000 Z=-80.000), Max=(X=2490.000 Y=1200.000 Z=80.000) RuntimeGrid:None EditorOnly:0 RuntimeOnly:0 HLODRelevant:0 ListedInSceneOutliner:1 IsMainWorldOnly:0
 |   |   |- Guid:6B2D8A114D03FBF1583AECAA8B215BF2 BaseClass: NativeClass:/Script/Engine.StaticMeshActor Name:StaticMeshActor_UAID_04BF1B00C56FA62A02_1097208064 Label:SM_Cube10 SpatiallyLoaded:1 Bounds:IsValid=true, Min=(X=10.000 Y=4730.000 Z=0.000), Max=(X=3985.000 Y=4830.000 Z=400.000) RuntimeGrid:None EditorOnly:0 RuntimeOnly:0 HLODRelevant:1 ListedInSceneOutliner:1 IsMainWorldOnly:0 FolderPath:Playground FolderGuid:C73F09FC4215536B1DCE2A9E0A830C70
 |   |   |- Guid:6BAF4DDD444C60371492D3919DB42C97 BaseClass: NativeClass:/Script/Engine.WorldDataLayers Name:WorldDataLayers Label:WorldDataLayers SpatiallyLoaded:0 Bounds:IsValid=true, Min=(X=0.000 Y=0.000 Z=0.000), Max=(X=0.000 Y=0.000 Z=0.000) RuntimeGrid:None EditorOnly:0 RuntimeOnly:0 HLODRelevant:0 ListedInSceneOutliner:1 IsMainWorldOnly:1
 |   |   |- Guid:72F22C5340C89393F192349EC6E18C49 BaseClass:/Game/Characters/BP_Pig.BP_Pig_C NativeClass:/Script/Engine.Actor Name:BP_Pig_C_UAID_04BF1B00C56F2C2802_1878835493 Label:BP_Pig SpatiallyLoaded:1 Bounds:IsValid=true, Min=(X=267.232 Y=2240.000 Z=-14.000), Max=(X=332.768 Y=2480.000 Z=114.000) RuntimeGrid:None EditorOnly:0 RuntimeOnly:0 HLODRelevant:0 ListedInSceneOutliner:1 IsMainWorldOnly:0
 |   |   |- Guid:7A6E50444ED258FA1E14A8BBE2A1778A BaseClass:/Game/Characters/Mesh/AI/AIObject_PatrolPathPoint.AIObject_PatrolPathPoint_C NativeClass:/Script/Engine.Actor Name:AIObject_PatrolPathPoint_C_UAID_04BF1B00C56F872702_1451577447 Label:AIObject_PatrolPathPoint2 SpatiallyLoaded:1 Bounds:IsValid=true, Min=(X=2070.000 Y=170.000 Z=-80.000), Max=(X=2530.000 Y=370.000 Z=80.000) RuntimeGrid:None EditorOnly:0 RuntimeOnly:0 HLODRelevant:0 ListedInSceneOutliner:1 IsMainWorldOnly:0
 |   |   |- Guid:84A17C09443A145495141ABA1E4D70A1 BaseClass:/Game/ThirdPerson/Blueprints/BP_GrabbableCrow.BP_GrabbableCrow_C NativeClass:/Script/Engine.Actor Name:BP_GrabbableCrow_C_UAID_04BF1B00C56F2B2802_1476096313 Label:BP_GrabbableCrow SpatiallyLoaded:1 Bounds:IsValid=true, Min=(X=1789.200 Y=2891.360 Z=-3.648), Max=(X=2010.800 Y=3108.640 Z=103.648) RuntimeGrid:None EditorOnly:0 RuntimeOnly:0 HLODRelevant:0 ListedInSceneOutliner:1 IsMainWorldOnly:0
 |   |   |- Guid:8AD746164CF5FEB1EE3C35A44E5E50DF BaseClass: NativeClass:/Script/Engine.StaticMeshActor Name:StaticMeshActor_UAID_04BF1B00C56FD42702_1512669991 Label:SM_Cube9 SpatiallyLoaded:1 Bounds:IsValid=true, Min=(X=2325.000 Y=430.000 Z=0.000), Max=(X=2500.000 Y=1280.000 Z=397.250) RuntimeGrid:None EditorOnly:0 RuntimeOnly:0 HLODRelevant:1 ListedInSceneOutliner:1 IsMainWorldOnly:0 FolderPath:Block02 FolderGuid:EBA23F8248252949750E43911A3A1CDD
 |   |   |- Guid:8BB09EA941C896DF54B21CA635C1A485 BaseClass:/Game/Characters/Mesh/AI/KeyEnemy/DeathZone.DeathZone_C NativeClass:/Script/Engine.Actor Name:DeathZone_C_UAID_04BF1B00C56FB82A02_1503841233 Label:DeathZone SpatiallyLoaded:1 Bounds:IsValid=true, Min=(X=3001.121 Y=2846.063 Z=-12.744), Max=(X=3944.718 Y=3091.702 Z=124.972) RuntimeGrid:None EditorOnly:0 RuntimeOnly:0 HLODRelevant:0 ListedInSceneOutliner:1 IsMainWorldOnly:0
 |   |   |- Guid:961864A84FF6F65B68F2A3BE5819D538 BaseClass: NativeClass:/Script/Engine.StaticMeshActor Name:StaticMeshActor_8 Label:SM_Cube4 SpatiallyLoaded:1 Bounds:IsValid=true, Min=(X=1510.000 Y=390.000 Z=-10.000), Max=(X=1940.250 Y=890.000 Z=165.000) RuntimeGrid:None EditorOnly:0 RuntimeOnly:0 HLODRelevant:1 ListedInSceneOutliner:1 IsMainWorldOnly:0 FolderPath:Block01 FolderGuid:7D23E5AE4C2A421F86AF6986D87E6D05
 |   |   |- Guid:9765ECF54858C165188C95B28D88016B BaseClass: NativeClass:/Script/Engine.StaticMeshActor Name:StaticMeshActor_12 Label:SM_Cube8 SpatiallyLoaded:1 Bounds:IsValid=true, Min=(X=420.000 Y=1260.000 Z=0.000), Max=(X=2495.000 Y=1560.000 Z=397.250) RuntimeGrid:None EditorOnly:0 RuntimeOnly:0 HLODRelevant:1 ListedInSceneOutliner:1 IsMainWorldOnly:0 FolderPath:Block02 FolderGuid:EBA23F8248252949750E43911A3A1CDD
 |   |   |- Guid:A56216954B2165CF0F35A886B537D536 BaseClass: NativeClass:/Script/Engine.StaticMeshActor Name:StaticMeshActor_0 Label:SM_Cube5 SpatiallyLoaded:1 Bounds:IsValid=true, Min=(X=-0.000 Y=100.000 Z=0.000), Max=(X=100.000 Y=3400.000 Z=400.000) RuntimeGrid:None EditorOnly:0 RuntimeOnly:0 HLODRelevant:1 ListedInSceneOutliner:1 IsMainWorldOnly:0 FolderPath:Playground FolderGuid:C73F09FC4215536B1DCE2A9E0A830C70
 |   |   |- Guid:AFA4F1DC44317ACFDEFC4F8BCAFE0B73 BaseClass: NativeClass:/Script/Engine.StaticMeshActor Name:StaticMeshActor_UAID_04BF1B00C56F852702_1882425088 Label:Cube SpatiallyLoaded:1 Bounds:IsValid=true, Min=(X=827.739 Y=515.000 Z=-15.625), Max=(X=932.261 Y=1265.000 Z=135.625) RuntimeGrid:None EditorOnly:0 RuntimeOnly:0 HLODRelevant:1 ListedInSceneOutliner:1 IsMainWorldOnly:0
 |   |   |- Guid:B46451DC47C8F407A50FE49A855422C5 BaseClass: NativeClass:/Script/Engine.StaticMeshActor Name:StaticMeshActor_UAID_04BF1B00C56FA52A02_2132343887 Label:SM_Cube7 SpatiallyLoaded:1 Bounds:IsValid=true, Min=(X=3950.000 Y=50.000 Z=0.000), Max=(X=4050.000 Y=4825.000 Z=400.000) RuntimeGrid:None EditorOnly:0 RuntimeOnly:0 HLODRelevant:1 ListedInSceneOutliner:1 IsMainWorldOnly:0 FolderPath:Playground FolderGuid:C73F09FC4215536B1DCE2A9E0A830C70
 |   |   |- Guid:B785ED2844B84CFB91E7F39FE661CD99 BaseClass: NativeClass:/Script/Engine.DirectionalLight Name:DirectionalLight_0 Label:DirectionalLight SpatiallyLoaded:0 Bounds:IsValid=true, Min=(X=-1048576.000 Y=-1048576.000 Z=-1048576.000), Max=(X=1048576.000 Y=1048576.000 Z=1048576.000) RuntimeGrid:None EditorOnly:0 RuntimeOnly:0 HLODRelevant:0 ListedInSceneOutliner:1 IsMainWorldOnly:0 FolderPath:Lighting FolderGuid:963EC3EB4002CCE9759E2EBA541A873A
 |   |   |- Guid:BAD1AB6B48CE7569EC1A41863F3D55A8 BaseClass:/Game/Characters/Mesh/AI/AIObject_PatrolPathPoint.AIObject_PatrolPathPoint_C NativeClass:/Script/Engine.Actor Name:AIObject_PatrolPathPoint_C_UAID_04BF1B00C56F872702_1478418449 Label:AIObject_PatrolPathPoint4 SpatiallyLoaded:1 Bounds:IsValid=true, Min=(X=1200.000 Y=990.000 Z=-80.000), Max=(X=1660.000 Y=1190.000 Z=80.000) RuntimeGrid:None EditorOnly:0 RuntimeOnly:0 HLODRelevant:0 ListedInSceneOutliner:1 IsMainWorldOnly:0
 |   |   |- Guid:BC08B79C4EA3C961CFF75EBBE83B367D BaseClass: NativeClass:/Script/Engine.StaticMeshActor Name:StaticMeshActor_5 Label:SM_Cube2 SpatiallyLoaded:1 Bounds:IsValid=true, Min=(X=0.000 Y=0.000 Z=0.000), Max=(X=4050.000 Y=100.000 Z=400.000) RuntimeGrid:None EditorOnly:0 RuntimeOnly:0 HLODRelevant:1 ListedInSceneOutliner:1 IsMainWorldOnly:0 FolderPath:Playground FolderGuid:C73F09FC4215536B1DCE2A9E0A830C70
 |   |   |- Guid:C4E0ECD140486BEF0B3700994FA6AAB5 BaseClass: NativeClass:/Script/NavigationSystem.RecastNavMesh Name:RecastNavMesh_UAID_04BF1B00C56F862702-Default Label:RecastNavMesh-Default SpatiallyLoaded:0 Bounds:IsValid=true, Min=(X=0.000 Y=0.000 Z=0.000), Max=(X=0.000 Y=0.000 Z=0.000) RuntimeGrid:None EditorOnly:0 RuntimeOnly:0 HLODRelevant:0 ListedInSceneOutliner:1 IsMainWorldOnly:0
 |   |   |- Guid:CC4B0EE247EA83C3041C348BD65E3530 BaseClass: NativeClass:/Script/NavigationSystem.NavMeshBoundsVolume Name:NavMeshBoundsVolume_UAID_04BF1B00C56F862702_1672055267 Label:NavMeshBoundsVolume SpatiallyLoaded:0 Bounds:IsValid=true, Min=(X=-890.000 Y=-1225.000 Z=-150.000), Max=(X=4010.000 Y=4725.000 Z=50.000) RuntimeGrid:None EditorOnly:0 RuntimeOnly:0 HLODRelevant:0 ListedInSceneOutliner:1 IsMainWorldOnly:0
 |   |   |- Guid:CCFF262C46EEFFDF319E7F9539CE697E BaseClass: NativeClass:/Script/Engine.SkyAtmosphere Name:SkyAtmosphere_0 Label:SkyAtmosphere SpatiallyLoaded:0 Bounds:IsValid=true, Min=(X=0.000 Y=0.000 Z=1020.000), Max=(X=0.000 Y=0.000 Z=1020.000) RuntimeGrid:None EditorOnly:0 RuntimeOnly:0 HLODRelevant:0 ListedInSceneOutliner:1 IsMainWorldOnly:0 FolderPath:Lighting FolderGuid:963EC3EB4002CCE9759E2EBA541A873A
 |   |   |- Guid:D94FA01B4D895CB73D4A30BAADFE4882 BaseClass:/Game/Characters/BP_Wolf.BP_Wolf_C NativeClass:/Script/Engine.Actor Name:BP_Wolf_C_UAID_04BF1B00C56F2C2802_2111546495 Label:BP_Wolf SpatiallyLoaded:1 Bounds:IsValid=true, Min=(X=268.000 Y=1933.686 Z=-0.527), Max=(X=332.000 Y=2144.000 Z=98.000) RuntimeGrid:None EditorOnly:0 RuntimeOnly:0 HLODRelevant:0 ListedInSceneOutliner:1 IsMainWorldOnly:0
 |   |   |- Guid:DC01AA684FCCFCF8CAEAFBA58BF728D4 BaseClass:/Game/Characters/Mesh/AI/AIObject_PatrolPathPoint.AIObject_PatrolPathPoint_C NativeClass:/Script/Engine.Actor Name:AIObject_PatrolPathPoint_C_UAID_04BF1B00C56F872702_1464218448 Label:AIObject_PatrolPathPoint3 SpatiallyLoaded:1 Bounds:IsValid=true, Min=(X=1280.000 Y=150.000 Z=-80.000), Max=(X=1740.000 Y=350.000 Z=80.000) RuntimeGrid:None EditorOnly:0 RuntimeOnly:0 HLODRelevant:0 ListedInSceneOutliner:1 IsMainWorldOnly:0
 |   |   |- Guid:EC4E0C944CE6AC6E784BC6BB2916EA13 BaseClass: NativeClass:/Script/Engine.StaticMeshActor Name:StaticMeshActor_UAID_A4AE111137DC5EFB00_1110535423 Label:SM_SkySphere SpatiallyLoaded:0 Bounds:IsValid=true, Min=(X=-1638400.000 Y=-1638400.000 Z=-1638400.000), Max=(X=1638400.000 Y=1638400.000 Z=1638400.000) RuntimeGrid:None EditorOnly:0 RuntimeOnly:0 HLODRelevant:0 ListedInSceneOutliner:1 IsMainWorldOnly:0 FolderPath:Lighting FolderGuid:963EC3EB4002CCE9759E2EBA541A873A
 |   |   |- Guid:F1924B8D48954B30891B2DB6A694F9CC BaseClass: NativeClass:/Script/Engine.StaticMeshActor Name:StaticMeshActor_1 Label:SM_Cube SpatiallyLoaded:1 Bounds:IsValid=true, Min=(X=0.000 Y=0.000 Z=-50.000), Max=(X=4050.000 Y=4800.000 Z=0.000) RuntimeGrid:None EditorOnly:0 RuntimeOnly:0 HLODRelevant:1 ListedInSceneOutliner:1 IsMainWorldOnly:0 FolderPath:Playground FolderGuid:C73F09FC4215536B1DCE2A9E0A830C70
 |   |   |- Guid:F5E3FEB3450C49844FD93DA8E083C8AD BaseClass: NativeClass:/Script/Engine.PostProcessVolume Name:PostProcessVolume_0 Label:PostProcessVolume SpatiallyLoaded:0 Bounds:IsValid=true, Min=(X=0.000 Y=0.000 Z=400.000), Max=(X=200.000 Y=200.000 Z=600.000) RuntimeGrid:None EditorOnly:0 RuntimeOnly:0 HLODRelevant:0 ListedInSceneOutliner:1 IsMainWorldOnly:0 FolderPath:Lighting FolderGuid:963EC3EB4002CCE9759E2EBA541A873A
 |   |   |- Guid:F79CE344459B780AADED2BB5C3C681D3 BaseClass:/Game/Characters/BP_Deer.BP_Deer_C NativeClass:/Script/Engine.Actor Name:Deer_C_UAID_04BF1B00C56F2C2802_1308798492 Label:Deer SpatiallyLoaded:1 Bounds:IsValid=true, Min=(X=268.000 Y=2614.000 Z=-0.087), Max=(X=332.000 Y=2809.717 Z=160.000) RuntimeGrid:None EditorOnly:0 RuntimeOnly:0 HLODRelevant:0 ListedInSceneOutliner:1 IsMainWorldOnly:0
 |   |   |- Guid:FC3C6561464F48BA5E00BE9FAC2D9E22 BaseClass:/Game/ThirdPerson/Blueprints/BP_GrabbableWolf.BP_GrabbableWolf_C NativeClass:/Script/Engine.Actor Name:BP_GrabbableWolf_C_UAID_04BF1B00C56F2B2802_1494153315 Label:BP_GrabbableWolf SpatiallyLoaded:1 Bounds:IsValid=true, Min=(X=1779.200 Y=1881.360 Z=-3.648), Max=(X=2000.800 Y=2098.640 Z=103.648) RuntimeGrid:None EditorOnly:0 RuntimeOnly:0 HLODRelevant:0 ListedInSceneOutliner:1 IsMainWorldOnly:0
 |   |   |- Guid:FF698C67459ADB4982D7759C0905EE9F BaseClass: NativeClass:/Script/Engine.StaticMeshActor Name:StaticMeshActor_6 Label:SM_Cube3 SpatiallyLoaded:1 Bounds:IsValid=true, Min=(X=0.000 Y=3400.000 Z=0.000), Max=(X=3000.000 Y=3500.000 Z=400.000) RuntimeGrid:None EditorOnly:0 RuntimeOnly:0 HLODRelevant:1 ListedInSceneOutliner:1 IsMainWorldOnly:0 FolderPath:Playground FolderGuid:C73F09FC4215536B1DCE2A9E0A830C70
 |   |- [+] Clusters:
 |   |   |- [+] [  0]
 |   |   |   |- Guid:03CB0D7B4C493C268E5099BA0CDD30D3 BaseClass:/Game/ThirdPerson/Blueprints/BP_Key.BP_Key_C NativeClass:/Script/Engine.Actor Name:BP_Key_C_UAID_04BF1B00C56FA62A02_1935693067 Label:BP_Key SpatiallyLoaded:1 Bounds:IsValid=true, Min=(X=258.132 Y=4121.707 Z=-1.909), Max=(X=286.947 Y=4173.753 Z=136.289) RuntimeGrid:None EditorOnly:0 RuntimeOnly:0 HLODRelevant:0 ListedInSceneOutliner:1 IsMainWorldOnly:0
 |   |   |- [+] [  1]
 |   |   |   |- Guid:0692CA40407E43552B0CB58BE7F7CA66 BaseClass:/Game/Characters/BP_Crow.BP_Crow_C NativeClass:/Script/Engine.Actor Name:BP_Crow_C_UAID_04BF1B00C56F2C2802_1957458494 Label:BP_Crow SpatiallyLoaded:1 Bounds:IsValid=true, Min=(X=141.412 Y=3044.400 Z=-0.033), Max=(X=418.588 Y=3215.600 Z=96.300) RuntimeGrid:None EditorOnly:0 RuntimeOnly:0 HLODRelevant:0 ListedInSceneOutliner:1 IsMainWorldOnly:0
 |   |   |- [+] [  2]
 |   |   |   |- Guid:2B5CCDA24268B96F648D1BAB5FA71DEE BaseClass: NativeClass:/Script/Engine.StaticMeshActor Name:StaticMeshActor_UAID_04BF1B00C56FA62A02_1177460065 Label:SM_Cube11 SpatiallyLoaded:1 Bounds:IsValid=true, Min=(X=10.000 Y=3390.000 Z=0.000), Max=(X=110.000 Y=4815.000 Z=400.000) RuntimeGrid:None EditorOnly:0 RuntimeOnly:0 HLODRelevant:1 ListedInSceneOutliner:1 IsMainWorldOnly:0 FolderPath:Playground FolderGuid:C73F09FC4215536B1DCE2A9E0A830C70
 |   |   |- [+] [  3]
 |   |   |   |- Guid:2FB58999456391D349DC0F86DAC136ED BaseClass: NativeClass:/Script/Engine.SkyLight Name:SkyLight_1 Label:SkyLight SpatiallyLoaded:0 Bounds:IsValid=true, Min=(X=0.000 Y=0.000 Z=690.000), Max=(X=0.000 Y=0.000 Z=690.000) RuntimeGrid:None EditorOnly:0 RuntimeOnly:0 HLODRelevant:0 ListedInSceneOutliner:1 IsMainWorldOnly:0 FolderPath:Lighting FolderGuid:963EC3EB4002CCE9759E2EBA541A873A
 |   |   |- [+] [  4]
 |   |   |   |- Guid:316CF2A6494ACA4C0E4180A87D36AB8F BaseClass: NativeClass:/Script/Engine.ExponentialHeightFog Name:ExponentialHeightFog_0 Label:ExponentialHeightFog SpatiallyLoaded:0 Bounds:IsValid=true, Min=(X=-5600.000 Y=-50.000 Z=-6850.000), Max=(X=-5600.000 Y=-50.000 Z=-6850.000) RuntimeGrid:None EditorOnly:0 RuntimeOnly:0 HLODRelevant:0 ListedInSceneOutliner:1 IsMainWorldOnly:0 FolderPath:Lighting FolderGuid:963EC3EB4002CCE9759E2EBA541A873A
 |   |   |- [+] [  5]
 |   |   |   |- Guid:3249A2F34F7284F8920EE1AE057E8EBA BaseClass: NativeClass:/Script/Engine.StaticMeshActor Name:StaticMeshActor_UAID_04BF1B00C56F852702_2052570090 Label:Cube3 SpatiallyLoaded:1 Bounds:IsValid=true, Min=(X=1090.000 Y=300.000 Z=-9.125), Max=(X=1190.000 Y=400.000 Z=149.125) RuntimeGrid:None EditorOnly:0 RuntimeOnly:0 HLODRelevant:1 ListedInSceneOutliner:1 IsMainWorldOnly:0
 |   |   |- [+] [  6]
 |   |   |   |- Guid:3A00AA1C422CE54C0BDB60BAF471BFBB BaseClass: NativeClass:/Script/Engine.PlayerStart Name:PlayerStart_0 Label:PlayerStart SpatiallyLoaded:0 Bounds:IsValid=true, Min=(X=2304.665 Y=2756.454 Z=0.000), Max=(X=2384.665 Y=2836.454 Z=184.000) RuntimeGrid:None EditorOnly:0 RuntimeOnly:0 HLODRelevant:0 ListedInSceneOutliner:1 IsMainWorldOnly:0
 |   |   |- [+] [  7]
 |   |   |   |- Guid:3D8C2CB744306C67B13669B62EC9595F BaseClass:/Game/ThirdPerson/Blueprints/BP_GrabbablePig.BP_GrabbablePig_C NativeClass:/Script/Engine.Actor Name:BP_GrabbablePig_C_UAID_04BF1B00C56F2B2802_1372457312 Label:BP_GrabbablePig SpatiallyLoaded:1 Bounds:IsValid=true, Min=(X=1769.200 Y=2521.360 Z=-3.648), Max=(X=1990.800 Y=2738.640 Z=103.648) RuntimeGrid:None EditorOnly:0 RuntimeOnly:0 HLODRelevant:0 ListedInSceneOutliner:1 IsMainWorldOnly:0
 |   |   |- [+] [  8]
 |   |   |   |- Guid:43815E84492231AFC407F59E3C28176B BaseClass: NativeClass:/Script/Engine.StaticMeshActor Name:StaticMeshActor_4 Label:SM_Cube6 SpatiallyLoaded:1 Bounds:IsValid=true, Min=(X=2900.000 Y=750.000 Z=0.000), Max=(X=3000.000 Y=3162.507 Z=400.000) RuntimeGrid:None EditorOnly:0 RuntimeOnly:0 HLODRelevant:1 ListedInSceneOutliner:1 IsMainWorldOnly:0 FolderPath:Playground FolderGuid:C73F09FC4215536B1DCE2A9E0A830C70
 |   |   |- [+] [  9]
 |   |   |   |- Guid:4D3BE93F4146AAAC8BBE79999D96D57F BaseClass: NativeClass:/Script/Engine.VolumetricCloud Name:VolumetricCloud_0 Label:VolumetricCloud SpatiallyLoaded:0 Bounds:IsValid=true, Min=(X=0.000 Y=0.000 Z=820.000), Max=(X=0.000 Y=0.000 Z=820.000) RuntimeGrid:None EditorOnly:0 RuntimeOnly:0 HLODRelevant:0 ListedInSceneOutliner:1 IsMainWorldOnly:0 FolderPath:Lighting FolderGuid:963EC3EB4002CCE9759E2EBA541A873A
 |   |   |- [+] [ 10]
 |   |   |   |- Guid:4FF8C1F448512692C72ED39E8D95E1BA BaseClass:/Game/Characters/Mesh/AI/BP_NPC.BP_NPC_C NativeClass:/Script/Engine.Character Name:BP_NPC_C_UAID_04BF1B00C56F862702_1778745269 Label:BP_NPC SpatiallyLoaded:1 Bounds:IsValid=true, Min=(X=1676.000 Y=970.236 Z=-24.679), Max=(X=1751.086 Y=1047.818 Z=156.000) RuntimeGrid:None EditorOnly:0 RuntimeOnly:0 HLODRelevant:0 ListedInSceneOutliner:1 IsMainWorldOnly:0
 |   |   |   |- Guid:648A3DA24B70BFF00829C2B42AE5EF9C BaseClass:/Game/Characters/Mesh/AI/AIObject_PatrolPathPoint.AIObject_PatrolPathPoint_C NativeClass:/Script/Engine.Actor Name:AIObject_PatrolPathPoint_C_UAID_04BF1B00C56F872702_1432148446 Label:AIObject_PatrolPathPoint SpatiallyLoaded:1 Bounds:IsValid=true, Min=(X=2030.000 Y=1000.000 Z=-80.000), Max=(X=2490.000 Y=1200.000 Z=80.000) RuntimeGrid:None EditorOnly:0 RuntimeOnly:0 HLODRelevant:0 ListedInSceneOutliner:1 IsMainWorldOnly:0
 |   |   |   |- Guid:7A6E50444ED258FA1E14A8BBE2A1778A BaseClass:/Game/Characters/Mesh/AI/AIObject_PatrolPathPoint.AIObject_PatrolPathPoint_C NativeClass:/Script/Engine.Actor Name:AIObject_PatrolPathPoint_C_UAID_04BF1B00C56F872702_1451577447 Label:AIObject_PatrolPathPoint2 SpatiallyLoaded:1 Bounds:IsValid=true, Min=(X=2070.000 Y=170.000 Z=-80.000), Max=(X=2530.000 Y=370.000 Z=80.000) RuntimeGrid:None EditorOnly:0 RuntimeOnly:0 HLODRelevant:0 ListedInSceneOutliner:1 IsMainWorldOnly:0
 |   |   |   |- Guid:BAD1AB6B48CE7569EC1A41863F3D55A8 BaseClass:/Game/Characters/Mesh/AI/AIObject_PatrolPathPoint.AIObject_PatrolPathPoint_C NativeClass:/Script/Engine.Actor Name:AIObject_PatrolPathPoint_C_UAID_04BF1B00C56F872702_1478418449 Label:AIObject_PatrolPathPoint4 SpatiallyLoaded:1 Bounds:IsValid=true, Min=(X=1200.000 Y=990.000 Z=-80.000), Max=(X=1660.000 Y=1190.000 Z=80.000) RuntimeGrid:None EditorOnly:0 RuntimeOnly:0 HLODRelevant:0 ListedInSceneOutliner:1 IsMainWorldOnly:0
 |   |   |   |- Guid:DC01AA684FCCFCF8CAEAFBA58BF728D4 BaseClass:/Game/Characters/Mesh/AI/AIObject_PatrolPathPoint.AIObject_PatrolPathPoint_C NativeClass:/Script/Engine.Actor Name:AIObject_PatrolPathPoint_C_UAID_04BF1B00C56F872702_1464218448 Label:AIObject_PatrolPathPoint3 SpatiallyLoaded:1 Bounds:IsValid=true, Min=(X=1280.000 Y=150.000 Z=-80.000), Max=(X=1740.000 Y=350.000 Z=80.000) RuntimeGrid:None EditorOnly:0 RuntimeOnly:0 HLODRelevant:0 ListedInSceneOutliner:1 IsMainWorldOnly:0
 |   |   |- [+] [ 11]
 |   |   |   |- Guid:577974394295E8CA8898B28362FA5F96 BaseClass:/Game/ThirdPerson/Blueprints/BP_GrabbableDeer.BP_GrabbableDeer_C NativeClass:/Script/Engine.Actor Name:BP_GrabbableDeer_C_UAID_04BF1B00C56F2B2802_1483456314 Label:BP_GrabbableDeer SpatiallyLoaded:1 Bounds:IsValid=true, Min=(X=1779.200 Y=2221.360 Z=-3.648), Max=(X=2000.800 Y=2438.640 Z=103.648) RuntimeGrid:None EditorOnly:0 RuntimeOnly:0 HLODRelevant:0 ListedInSceneOutliner:1 IsMainWorldOnly:0
 |   |   |- [+] [ 12]
 |   |   |   |- Guid:5B97F4A64FB21F77EFC44386BF705B4C BaseClass: NativeClass:/Script/Engine.TextRenderActor Name:TextRenderActor_1 Label:TextRenderActor SpatiallyLoaded:1 Bounds:IsValid=true, Min=(X=-0.100 Y=1100.000 Z=65.013), Max=(X=-0.100 Y=2392.308 Z=215.013) RuntimeGrid:None EditorOnly:0 RuntimeOnly:0 HLODRelevant:0 ListedInSceneOutliner:1 IsMainWorldOnly:0
 |   |   |- [+] [ 13]
 |   |   |   |- Guid:5D32248C432990AC6D3AE0BE88263E6E BaseClass: NativeClass:/Script/Engine.StaticMeshActor Name:StaticMeshActor_UAID_04BF1B00C56F852702_2001035089 Label:Cube2 SpatiallyLoaded:1 Bounds:IsValid=true, Min=(X=1090.000 Y=790.000 Z=0.875), Max=(X=1190.000 Y=890.000 Z=159.125) RuntimeGrid:None EditorOnly:0 RuntimeOnly:0 HLODRelevant:1 ListedInSceneOutliner:1 IsMainWorldOnly:0
 |   |   |- [+] [ 14]
 |   |   |   |- Guid:6B2D8A114D03FBF1583AECAA8B215BF2 BaseClass: NativeClass:/Script/Engine.StaticMeshActor Name:StaticMeshActor_UAID_04BF1B00C56FA62A02_1097208064 Label:SM_Cube10 SpatiallyLoaded:1 Bounds:IsValid=true, Min=(X=10.000 Y=4730.000 Z=0.000), Max=(X=3985.000 Y=4830.000 Z=400.000) RuntimeGrid:None EditorOnly:0 RuntimeOnly:0 HLODRelevant:1 ListedInSceneOutliner:1 IsMainWorldOnly:0 FolderPath:Playground FolderGuid:C73F09FC4215536B1DCE2A9E0A830C70
 |   |   |- [+] [ 15]
 |   |   |   |- Guid:6BAF4DDD444C60371492D3919DB42C97 BaseClass: NativeClass:/Script/Engine.WorldDataLayers Name:WorldDataLayers Label:WorldDataLayers SpatiallyLoaded:0 Bounds:IsValid=true, Min=(X=0.000 Y=0.000 Z=0.000), Max=(X=0.000 Y=0.000 Z=0.000) RuntimeGrid:None EditorOnly:0 RuntimeOnly:0 HLODRelevant:0 ListedInSceneOutliner:1 IsMainWorldOnly:1
 |   |   |- [+] [ 16]
 |   |   |   |- Guid:72F22C5340C89393F192349EC6E18C49 BaseClass:/Game/Characters/BP_Pig.BP_Pig_C NativeClass:/Script/Engine.Actor Name:BP_Pig_C_UAID_04BF1B00C56F2C2802_1878835493 Label:BP_Pig SpatiallyLoaded:1 Bounds:IsValid=true, Min=(X=267.232 Y=2240.000 Z=-14.000), Max=(X=332.768 Y=2480.000 Z=114.000) RuntimeGrid:None EditorOnly:0 RuntimeOnly:0 HLODRelevant:0 ListedInSceneOutliner:1 IsMainWorldOnly:0
 |   |   |- [+] [ 17]
 |   |   |   |- Guid:84A17C09443A145495141ABA1E4D70A1 BaseClass:/Game/ThirdPerson/Blueprints/BP_GrabbableCrow.BP_GrabbableCrow_C NativeClass:/Script/Engine.Actor Name:BP_GrabbableCrow_C_UAID_04BF1B00C56F2B2802_1476096313 Label:BP_GrabbableCrow SpatiallyLoaded:1 Bounds:IsValid=true, Min=(X=1789.200 Y=2891.360 Z=-3.648), Max=(X=2010.800 Y=3108.640 Z=103.648) RuntimeGrid:None EditorOnly:0 RuntimeOnly:0 HLODRelevant:0 ListedInSceneOutliner:1 IsMainWorldOnly:0
 |   |   |- [+] [ 18]
 |   |   |   |- Guid:8AD746164CF5FEB1EE3C35A44E5E50DF BaseClass: NativeClass:/Script/Engine.StaticMeshActor Name:StaticMeshActor_UAID_04BF1B00C56FD42702_1512669991 Label:SM_Cube9 SpatiallyLoaded:1 Bounds:IsValid=true, Min=(X=2325.000 Y=430.000 Z=0.000), Max=(X=2500.000 Y=1280.000 Z=397.250) RuntimeGrid:None EditorOnly:0 RuntimeOnly:0 HLODRelevant:1 ListedInSceneOutliner:1 IsMainWorldOnly:0 FolderPath:Block02 FolderGuid:EBA23F8248252949750E43911A3A1CDD
 |   |   |- [+] [ 19]
 |   |   |   |- Guid:8BB09EA941C896DF54B21CA635C1A485 BaseClass:/Game/Characters/Mesh/AI/KeyEnemy/DeathZone.DeathZone_C NativeClass:/Script/Engine.Actor Name:DeathZone_C_UAID_04BF1B00C56FB82A02_1503841233 Label:DeathZone SpatiallyLoaded:1 Bounds:IsValid=true, Min=(X=3001.121 Y=2846.063 Z=-12.744), Max=(X=3944.718 Y=3091.702 Z=124.972) RuntimeGrid:None EditorOnly:0 RuntimeOnly:0 HLODRelevant:0 ListedInSceneOutliner:1 IsMainWorldOnly:0
 |   |   |- [+] [ 20]
 |   |   |   |- Guid:961864A84FF6F65B68F2A3BE5819D538 BaseClass: NativeClass:/Script/Engine.StaticMeshActor Name:StaticMeshActor_8 Label:SM_Cube4 SpatiallyLoaded:1 Bounds:IsValid=true, Min=(X=1510.000 Y=390.000 Z=-10.000), Max=(X=1940.250 Y=890.000 Z=165.000) RuntimeGrid:None EditorOnly:0 RuntimeOnly:0 HLODRelevant:1 ListedInSceneOutliner:1 IsMainWorldOnly:0 FolderPath:Block01 FolderGuid:7D23E5AE4C2A421F86AF6986D87E6D05
 |   |   |- [+] [ 21]
 |   |   |   |- Guid:9765ECF54858C165188C95B28D88016B BaseClass: NativeClass:/Script/Engine.StaticMeshActor Name:StaticMeshActor_12 Label:SM_Cube8 SpatiallyLoaded:1 Bounds:IsValid=true, Min=(X=420.000 Y=1260.000 Z=0.000), Max=(X=2495.000 Y=1560.000 Z=397.250) RuntimeGrid:None EditorOnly:0 RuntimeOnly:0 HLODRelevant:1 ListedInSceneOutliner:1 IsMainWorldOnly:0 FolderPath:Block02 FolderGuid:EBA23F8248252949750E43911A3A1CDD
 |   |   |- [+] [ 22]
 |   |   |   |- Guid:A56216954B2165CF0F35A886B537D536 BaseClass: NativeClass:/Script/Engine.StaticMeshActor Name:StaticMeshActor_0 Label:SM_Cube5 SpatiallyLoaded:1 Bounds:IsValid=true, Min=(X=-0.000 Y=100.000 Z=0.000), Max=(X=100.000 Y=3400.000 Z=400.000) RuntimeGrid:None EditorOnly:0 RuntimeOnly:0 HLODRelevant:1 ListedInSceneOutliner:1 IsMainWorldOnly:0 FolderPath:Playground FolderGuid:C73F09FC4215536B1DCE2A9E0A830C70
 |   |   |- [+] [ 23]
 |   |   |   |- Guid:AFA4F1DC44317ACFDEFC4F8BCAFE0B73 BaseClass: NativeClass:/Script/Engine.StaticMeshActor Name:StaticMeshActor_UAID_04BF1B00C56F852702_1882425088 Label:Cube SpatiallyLoaded:1 Bounds:IsValid=true, Min=(X=827.739 Y=515.000 Z=-15.625), Max=(X=932.261 Y=1265.000 Z=135.625) RuntimeGrid:None EditorOnly:0 RuntimeOnly:0 HLODRelevant:1 ListedInSceneOutliner:1 IsMainWorldOnly:0
 |   |   |- [+] [ 24]
 |   |   |   |- Guid:B46451DC47C8F407A50FE49A855422C5 BaseClass: NativeClass:/Script/Engine.StaticMeshActor Name:StaticMeshActor_UAID_04BF1B00C56FA52A02_2132343887 Label:SM_Cube7 SpatiallyLoaded:1 Bounds:IsValid=true, Min=(X=3950.000 Y=50.000 Z=0.000), Max=(X=4050.000 Y=4825.000 Z=400.000) RuntimeGrid:None EditorOnly:0 RuntimeOnly:0 HLODRelevant:1 ListedInSceneOutliner:1 IsMainWorldOnly:0 FolderPath:Playground FolderGuid:C73F09FC4215536B1DCE2A9E0A830C70
 |   |   |- [+] [ 25]
 |   |   |   |- Guid:B785ED2844B84CFB91E7F39FE661CD99 BaseClass: NativeClass:/Script/Engine.DirectionalLight Name:DirectionalLight_0 Label:DirectionalLight SpatiallyLoaded:0 Bounds:IsValid=true, Min=(X=-1048576.000 Y=-1048576.000 Z=-1048576.000), Max=(X=1048576.000 Y=1048576.000 Z=1048576.000) RuntimeGrid:None EditorOnly:0 RuntimeOnly:0 HLODRelevant:0 ListedInSceneOutliner:1 IsMainWorldOnly:0 FolderPath:Lighting FolderGuid:963EC3EB4002CCE9759E2EBA541A873A
 |   |   |- [+] [ 26]
 |   |   |   |- Guid:BC08B79C4EA3C961CFF75EBBE83B367D BaseClass: NativeClass:/Script/Engine.StaticMeshActor Name:StaticMeshActor_5 Label:SM_Cube2 SpatiallyLoaded:1 Bounds:IsValid=true, Min=(X=0.000 Y=0.000 Z=0.000), Max=(X=4050.000 Y=100.000 Z=400.000) RuntimeGrid:None EditorOnly:0 RuntimeOnly:0 HLODRelevant:1 ListedInSceneOutliner:1 IsMainWorldOnly:0 FolderPath:Playground FolderGuid:C73F09FC4215536B1DCE2A9E0A830C70
 |   |   |- [+] [ 27]
 |   |   |   |- Guid:C4E0ECD140486BEF0B3700994FA6AAB5 BaseClass: NativeClass:/Script/NavigationSystem.RecastNavMesh Name:RecastNavMesh_UAID_04BF1B00C56F862702-Default Label:RecastNavMesh-Default SpatiallyLoaded:0 Bounds:IsValid=true, Min=(X=0.000 Y=0.000 Z=0.000), Max=(X=0.000 Y=0.000 Z=0.000) RuntimeGrid:None EditorOnly:0 RuntimeOnly:0 HLODRelevant:0 ListedInSceneOutliner:1 IsMainWorldOnly:0
 |   |   |- [+] [ 28]
 |   |   |   |- Guid:CC4B0EE247EA83C3041C348BD65E3530 BaseClass: NativeClass:/Script/NavigationSystem.NavMeshBoundsVolume Name:NavMeshBoundsVolume_UAID_04BF1B00C56F862702_1672055267 Label:NavMeshBoundsVolume SpatiallyLoaded:0 Bounds:IsValid=true, Min=(X=-890.000 Y=-1225.000 Z=-150.000), Max=(X=4010.000 Y=4725.000 Z=50.000) RuntimeGrid:None EditorOnly:0 RuntimeOnly:0 HLODRelevant:0 ListedInSceneOutliner:1 IsMainWorldOnly:0
 |   |   |- [+] [ 29]
 |   |   |   |- Guid:CCFF262C46EEFFDF319E7F9539CE697E BaseClass: NativeClass:/Script/Engine.SkyAtmosphere Name:SkyAtmosphere_0 Label:SkyAtmosphere SpatiallyLoaded:0 Bounds:IsValid=true, Min=(X=0.000 Y=0.000 Z=1020.000), Max=(X=0.000 Y=0.000 Z=1020.000) RuntimeGrid:None EditorOnly:0 RuntimeOnly:0 HLODRelevant:0 ListedInSceneOutliner:1 IsMainWorldOnly:0 FolderPath:Lighting FolderGuid:963EC3EB4002CCE9759E2EBA541A873A
 |   |   |- [+] [ 30]
 |   |   |   |- Guid:D94FA01B4D895CB73D4A30BAADFE4882 BaseClass:/Game/Characters/BP_Wolf.BP_Wolf_C NativeClass:/Script/Engine.Actor Name:BP_Wolf_C_UAID_04BF1B00C56F2C2802_2111546495 Label:BP_Wolf SpatiallyLoaded:1 Bounds:IsValid=true, Min=(X=268.000 Y=1933.686 Z=-0.527), Max=(X=332.000 Y=2144.000 Z=98.000) RuntimeGrid:None EditorOnly:0 RuntimeOnly:0 HLODRelevant:0 ListedInSceneOutliner:1 IsMainWorldOnly:0
 |   |   |- [+] [ 31]
 |   |   |   |- Guid:EC4E0C944CE6AC6E784BC6BB2916EA13 BaseClass: NativeClass:/Script/Engine.StaticMeshActor Name:StaticMeshActor_UAID_A4AE111137DC5EFB00_1110535423 Label:SM_SkySphere SpatiallyLoaded:0 Bounds:IsValid=true, Min=(X=-1638400.000 Y=-1638400.000 Z=-1638400.000), Max=(X=1638400.000 Y=1638400.000 Z=1638400.000) RuntimeGrid:None EditorOnly:0 RuntimeOnly:0 HLODRelevant:0 ListedInSceneOutliner:1 IsMainWorldOnly:0 FolderPath:Lighting FolderGuid:963EC3EB4002CCE9759E2EBA541A873A
 |   |   |- [+] [ 32]
 |   |   |   |- Guid:F1924B8D48954B30891B2DB6A694F9CC BaseClass: NativeClass:/Script/Engine.StaticMeshActor Name:StaticMeshActor_1 Label:SM_Cube SpatiallyLoaded:1 Bounds:IsValid=true, Min=(X=0.000 Y=0.000 Z=-50.000), Max=(X=4050.000 Y=4800.000 Z=0.000) RuntimeGrid:None EditorOnly:0 RuntimeOnly:0 HLODRelevant:1 ListedInSceneOutliner:1 IsMainWorldOnly:0 FolderPath:Playground FolderGuid:C73F09FC4215536B1DCE2A9E0A830C70
 |   |   |- [+] [ 33]
 |   |   |   |- Guid:F5E3FEB3450C49844FD93DA8E083C8AD BaseClass: NativeClass:/Script/Engine.PostProcessVolume Name:PostProcessVolume_0 Label:PostProcessVolume SpatiallyLoaded:0 Bounds:IsValid=true, Min=(X=0.000 Y=0.000 Z=400.000), Max=(X=200.000 Y=200.000 Z=600.000) RuntimeGrid:None EditorOnly:0 RuntimeOnly:0 HLODRelevant:0 ListedInSceneOutliner:1 IsMainWorldOnly:0 FolderPath:Lighting FolderGuid:963EC3EB4002CCE9759E2EBA541A873A
 |   |   |- [+] [ 34]
 |   |   |   |- Guid:F79CE344459B780AADED2BB5C3C681D3 BaseClass:/Game/Characters/BP_Deer.BP_Deer_C NativeClass:/Script/Engine.Actor Name:Deer_C_UAID_04BF1B00C56F2C2802_1308798492 Label:Deer SpatiallyLoaded:1 Bounds:IsValid=true, Min=(X=268.000 Y=2614.000 Z=-0.087), Max=(X=332.000 Y=2809.717 Z=160.000) RuntimeGrid:None EditorOnly:0 RuntimeOnly:0 HLODRelevant:0 ListedInSceneOutliner:1 IsMainWorldOnly:0
 |   |   |- [+] [ 35]
 |   |   |   |- Guid:FC3C6561464F48BA5E00BE9FAC2D9E22 BaseClass:/Game/ThirdPerson/Blueprints/BP_GrabbableWolf.BP_GrabbableWolf_C NativeClass:/Script/Engine.Actor Name:BP_GrabbableWolf_C_UAID_04BF1B00C56F2B2802_1494153315 Label:BP_GrabbableWolf SpatiallyLoaded:1 Bounds:IsValid=true, Min=(X=1779.200 Y=1881.360 Z=-3.648), Max=(X=2000.800 Y=2098.640 Z=103.648) RuntimeGrid:None EditorOnly:0 RuntimeOnly:0 HLODRelevant:0 ListedInSceneOutliner:1 IsMainWorldOnly:0
 |   |   |- [+] [ 36]
 |   |   |   |- Guid:FF698C67459ADB4982D7759C0905EE9F BaseClass: NativeClass:/Script/Engine.StaticMeshActor Name:StaticMeshActor_6 Label:SM_Cube3 SpatiallyLoaded:1 Bounds:IsValid=true, Min=(X=0.000 Y=3400.000 Z=0.000), Max=(X=3000.000 Y=3500.000 Z=400.000) RuntimeGrid:None EditorOnly:0 RuntimeOnly:0 HLODRelevant:1 ListedInSceneOutliner:1 IsMainWorldOnly:0 FolderPath:Playground FolderGuid:C73F09FC4215536B1DCE2A9E0A830C70
 |- ContainerInstances:
 |- [+] MainContainer:
 |   |-        ID: 00000000000000000000000000000000
 |   |-  ParentID: 00000000000000000000000000000000
 |   |-    Bounds: IsValid=false, Min=(X=0.000 Y=0.000 Z=0.000), Max=(X=0.000 Y=0.000 Z=0.000)
 |   |- Transform: 0.000000,0.000000,0.000000|0.000000,0.000000,-0.000000|1.000000,1.000000,1.000000
 |   |- Container: /Game/ThirdPerson/Maps/ThirdPersonMap
----------------------------------------------------------------------------------------------------------------
ThirdPersonMap - Persistent Level
----------------------------------------------------------------------------------------------------------------
[+] Content of ThirdPersonMap Persistent Level
 |- Always loaded Actor Count: 41 
 |- Actor Path: /Game/ThirdPerson/Maps/ThirdPersonMap.ThirdPersonMap:PersistentLevel.AIObject_PatrolPathPoint_C_UAID_04BF1B00C56F872702_1432148446
 |- Actor Package: /Game/__ExternalActors__/ThirdPerson/Maps/ThirdPersonMap/A/EJ/V5356GA4CZS8J11RASAQ87
 |- Actor Path: /Game/ThirdPerson/Maps/ThirdPersonMap.ThirdPersonMap:PersistentLevel.AIObject_PatrolPathPoint_C_UAID_04BF1B00C56F872702_1451577447
 |- Actor Package: /Game/__ExternalActors__/ThirdPerson/Maps/ThirdPersonMap/3/TY/D1V2B9S366WXXAJ4KM39MJ
 |- Actor Path: /Game/ThirdPerson/Maps/ThirdPersonMap.ThirdPersonMap:PersistentLevel.AIObject_PatrolPathPoint_C_UAID_04BF1B00C56F872702_1464218448
 |- Actor Package: /Game/__ExternalActors__/ThirdPerson/Maps/ThirdPersonMap/9/0Y/LX6U5RCM4N0JPZLZTCCDQT
 |- Actor Path: /Game/ThirdPerson/Maps/ThirdPersonMap.ThirdPersonMap:PersistentLevel.AIObject_PatrolPathPoint_C_UAID_04BF1B00C56F872702_1478418449
 |- Actor Package: /Game/__ExternalActors__/ThirdPerson/Maps/ThirdPersonMap/8/OS/BF82CFK0OVIWLNCP0XIC3Y
 |- Actor Path: /Game/ThirdPerson/Maps/ThirdPersonMap.ThirdPersonMap:PersistentLevel.BP_Crow_C_UAID_04BF1B00C56F2C2802_1957458494
 |- Actor Package: /Game/__ExternalActors__/ThirdPerson/Maps/ThirdPersonMap/1/0Q/2TTXR0IUQIKHZQZQQGDTL8
 |- Actor Path: /Game/ThirdPerson/Maps/ThirdPersonMap.ThirdPersonMap:PersistentLevel.BP_GrabbableCrow_C_UAID_04BF1B00C56F2B2802_1476096313
 |- Actor Package: /Game/__ExternalActors__/ThirdPerson/Maps/ThirdPersonMap/D/0D/KIBI4LJVL6UAWCFJ2UXIZZ
 |- Actor Path: /Game/ThirdPerson/Maps/ThirdPersonMap.ThirdPersonMap:PersistentLevel.BP_GrabbableDeer_C_UAID_04BF1B00C56F2B2802_1483456314
 |- Actor Package: /Game/__ExternalActors__/ThirdPerson/Maps/ThirdPersonMap/3/JV/SXH56BRJTE5E0DB04O4POB
 |- Actor Path: /Game/ThirdPerson/Maps/ThirdPersonMap.ThirdPersonMap:PersistentLevel.BP_GrabbablePig_C_UAID_04BF1B00C56F2B2802_1372457312
 |- Actor Package: /Game/__ExternalActors__/ThirdPerson/Maps/ThirdPersonMap/5/GR/9RGPFJNHK3035NHQ9SNIUC
 |- Actor Path: /Game/ThirdPerson/Maps/ThirdPersonMap.ThirdPersonMap:PersistentLevel.BP_GrabbableWolf_C_UAID_04BF1B00C56F2B2802_1494153315
 |- Actor Package: /Game/__ExternalActors__/ThirdPerson/Maps/ThirdPersonMap/4/Z5/WSJMIGE79RQNO9VX352YZ4
 |- Actor Path: /Game/ThirdPerson/Maps/ThirdPersonMap.ThirdPersonMap:PersistentLevel.BP_Key_C_UAID_04BF1B00C56FA62A02_1935693067
 |- Actor Package: /Game/__ExternalActors__/ThirdPerson/Maps/ThirdPersonMap/1/1K/XFMFW8GF1T2O1ZHD0BWUOE
 |- Actor Path: /Game/ThirdPerson/Maps/ThirdPersonMap.ThirdPersonMap:PersistentLevel.BP_NPC_C_UAID_04BF1B00C56F862702_1778745269
 |- Actor Package: /Game/__ExternalActors__/ThirdPerson/Maps/ThirdPersonMap/6/AV/8QGXXBLL6VMW2Q0HZN0V73
 |- Actor Path: /Game/ThirdPerson/Maps/ThirdPersonMap.ThirdPersonMap:PersistentLevel.BP_Pig_C_UAID_04BF1B00C56F2C2802_1878835493
 |- Actor Package: /Game/__ExternalActors__/ThirdPerson/Maps/ThirdPersonMap/2/W2/VKLOXLWTMFA618N3UBH1X0
 |- Actor Path: /Game/ThirdPerson/Maps/ThirdPersonMap.ThirdPersonMap:PersistentLevel.BP_Wolf_C_UAID_04BF1B00C56F2C2802_2111546495
 |- Actor Package: /Game/__ExternalActors__/ThirdPerson/Maps/ThirdPersonMap/4/SJ/VK5L58J4M7DRHRX1U37Q6V
 |- Actor Path: /Game/ThirdPerson/Maps/ThirdPersonMap.ThirdPersonMap:PersistentLevel.DeathZone_C_UAID_04BF1B00C56FB82A02_1503841233
 |- Actor Package: /Game/__ExternalActors__/ThirdPerson/Maps/ThirdPersonMap/8/RY/PN8Q17YUS87ANMIM7PZJY4
 |- Actor Path: /Game/ThirdPerson/Maps/ThirdPersonMap.ThirdPersonMap:PersistentLevel.Deer_C_UAID_04BF1B00C56F2C2802_1308798492
 |- Actor Package: /Game/__ExternalActors__/ThirdPerson/Maps/ThirdPersonMap/9/1A/7M9LTYH7ID9JCI2U1V5U4K
 |- Actor Path: /Game/ThirdPerson/Maps/ThirdPersonMap.ThirdPersonMap:PersistentLevel.DirectionalLight_0
 |- Actor Package: /Game/__ExternalActors__/ThirdPerson/Maps/ThirdPersonMap/5/R1/TS5OQ5CRUWFZYL1ZQ7I416
 |- Actor Path: /Game/ThirdPerson/Maps/ThirdPersonMap.ThirdPersonMap:PersistentLevel.ExponentialHeightFog_0
 |- Actor Package: /Game/__ExternalActors__/ThirdPerson/Maps/ThirdPersonMap/6/J7/N10XDC9G27EMLS5AGZ6AVV
 |- Actor Path: /Game/ThirdPerson/Maps/ThirdPersonMap.ThirdPersonMap:PersistentLevel.NavMeshBoundsVolume_UAID_04BF1B00C56F862702_1672055267
 |- Actor Package: /Game/__ExternalActors__/ThirdPerson/Maps/ThirdPersonMap/D/L2/BTTK0IMQXR9U9MU179GWN5
 |- Actor Path: /Game/ThirdPerson/Maps/ThirdPersonMap.ThirdPersonMap:PersistentLevel.PlayerStart_0
 |- Actor Package: /Game/__ExternalActors__/ThirdPerson/Maps/ThirdPersonMap/D/DE/SWSI13675DVYIZ0N4NF7Y3
 |- Actor Path: /Game/ThirdPerson/Maps/ThirdPersonMap.ThirdPersonMap:PersistentLevel.PostProcessVolume_0
 |- Actor Package: /Game/__ExternalActors__/ThirdPerson/Maps/ThirdPersonMap/1/AZ/A7GPT109Y6ZTTJD4A7TXER
 |- Actor Path: /Game/ThirdPerson/Maps/ThirdPersonMap.ThirdPersonMap:PersistentLevel.RecastNavMesh_UAID_04BF1B00C56F862702-Default
 |- Actor Package: /Game/__ExternalActors__/ThirdPerson/Maps/ThirdPersonMap/1/YP/JPNQPV0YCNOY5M0DZPVGLI
 |- Actor Path: /Game/ThirdPerson/Maps/ThirdPersonMap.ThirdPersonMap:PersistentLevel.SkyAtmosphere_0
 |- Actor Package: /Game/__ExternalActors__/ThirdPerson/Maps/ThirdPersonMap/4/LN/30UBDLYFFA5ZR7U4W4L4GG
 |- Actor Path: /Game/ThirdPerson/Maps/ThirdPersonMap.ThirdPersonMap:PersistentLevel.SkyLight_1
 |- Actor Package: /Game/__ExternalActors__/ThirdPerson/Maps/ThirdPersonMap/8/S1/DXUWD12MD3HRWVVXX076BY
 |- Actor Path: /Game/ThirdPerson/Maps/ThirdPersonMap.ThirdPersonMap:PersistentLevel.StaticMeshActor_0
 |- Actor Package: /Game/__ExternalActors__/ThirdPerson/Maps/ThirdPersonMap/A/MS/MRHJREJ6H7USQYWF1KO8F6
 |- Actor Path: /Game/ThirdPerson/Maps/ThirdPersonMap.ThirdPersonMap:PersistentLevel.StaticMeshActor_1
 |- Actor Package: /Game/__ExternalActors__/ThirdPerson/Maps/ThirdPersonMap/6/YO/NG2R9BPZVA7ZDN0Z4VSTG6
 |- Actor Path: /Game/ThirdPerson/Maps/ThirdPersonMap.ThirdPersonMap:PersistentLevel.StaticMeshActor_12
 |- Actor Package: /Game/__ExternalActors__/ThirdPerson/Maps/ThirdPersonMap/9/U7/H8YL2PPHZPBTI74SUD0RNL
 |- Actor Path: /Game/ThirdPerson/Maps/ThirdPersonMap.ThirdPersonMap:PersistentLevel.StaticMeshActor_4
 |- Actor Package: /Game/__ExternalActors__/ThirdPerson/Maps/ThirdPersonMap/5/9Q/U98KGKQ41NJYFOGFQM8ZDY
 |- Actor Path: /Game/ThirdPerson/Maps/ThirdPersonMap.ThirdPersonMap:PersistentLevel.StaticMeshActor_5
 |- Actor Package: /Game/__ExternalActors__/ThirdPerson/Maps/ThirdPersonMap/C/QF/BY1DA5CRGQSAMOTK8RA8KR
 |- Actor Path: /Game/ThirdPerson/Maps/ThirdPersonMap.ThirdPersonMap:PersistentLevel.StaticMeshActor_6
 |- Actor Package: /Game/__ExternalActors__/ThirdPerson/Maps/ThirdPersonMap/D/0G/JNKFA4X9LRMSF343ESPF6Q
 |- Actor Path: /Game/ThirdPerson/Maps/ThirdPersonMap.ThirdPersonMap:PersistentLevel.StaticMeshActor_8
 |- Actor Package: /Game/__ExternalActors__/ThirdPerson/Maps/ThirdPersonMap/A/16/Q7Y1URWWFS0TXGWUTO3S61
 |- Actor Path: /Game/ThirdPerson/Maps/ThirdPersonMap.ThirdPersonMap:PersistentLevel.StaticMeshActor_UAID_04BF1B00C56F852702_1882425088
 |- Actor Package: /Game/__ExternalActors__/ThirdPerson/Maps/ThirdPersonMap/E/KQ/86N1HCG1RAEB59ZJ0VAIHT
 |- Actor Path: /Game/ThirdPerson/Maps/ThirdPersonMap.ThirdPersonMap:PersistentLevel.StaticMeshActor_UAID_04BF1B00C56F852702_2001035089
 |- Actor Package: /Game/__ExternalActors__/ThirdPerson/Maps/ThirdPersonMap/8/L0/SJ0P45JPMRZMNGNSN9P2C8
 |- Actor Path: /Game/ThirdPerson/Maps/ThirdPersonMap.ThirdPersonMap:PersistentLevel.StaticMeshActor_UAID_04BF1B00C56F852702_2052570090
 |- Actor Package: /Game/__ExternalActors__/ThirdPerson/Maps/ThirdPersonMap/2/37/PBZ9K9X09O2TXSXH58NX2A
 |- Actor Path: /Game/ThirdPerson/Maps/ThirdPersonMap.ThirdPersonMap:PersistentLevel.StaticMeshActor_UAID_04BF1B00C56FA52A02_2132343887
 |- Actor Package: /Game/__ExternalActors__/ThirdPerson/Maps/ThirdPersonMap/C/GH/MZC7ZM4MCNRNJPK6D0HAXE
 |- Actor Path: /Game/ThirdPerson/Maps/ThirdPersonMap.ThirdPersonMap:PersistentLevel.StaticMeshActor_UAID_04BF1B00C56FA62A02_1097208064
 |- Actor Package: /Game/__ExternalActors__/ThirdPerson/Maps/ThirdPersonMap/6/BB/WQEOXCMGLTX3WXGRTPE6GI
 |- Actor Path: /Game/ThirdPerson/Maps/ThirdPersonMap.ThirdPersonMap:PersistentLevel.StaticMeshActor_UAID_04BF1B00C56FA62A02_1177460065
 |- Actor Package: /Game/__ExternalActors__/ThirdPerson/Maps/ThirdPersonMap/8/7V/TC06TM597XN6YNEXMMOJA8
 |- Actor Path: /Game/ThirdPerson/Maps/ThirdPersonMap.ThirdPersonMap:PersistentLevel.StaticMeshActor_UAID_04BF1B00C56FD42702_1512669991
 |- Actor Package: /Game/__ExternalActors__/ThirdPerson/Maps/ThirdPersonMap/0/KY/36KV1K4B92KXNYKMNZHWY7
 |- Actor Path: /Game/ThirdPerson/Maps/ThirdPersonMap.ThirdPersonMap:PersistentLevel.StaticMeshActor_UAID_A4AE111137DC5EFB00_1110535423
 |- Actor Package: /Game/__ExternalActors__/ThirdPerson/Maps/ThirdPersonMap/4/PN/2QISIGK5DJNQ05US8O8FXW
 |- Actor Path: /Game/ThirdPerson/Maps/ThirdPersonMap.ThirdPersonMap:PersistentLevel.TextRenderActor_1
 |- Actor Package: /Game/__ExternalActors__/ThirdPerson/Maps/ThirdPersonMap/1/WU/NB37RT5Q32Z8MJWD8BD2SO
 |- Actor Path: /Game/ThirdPerson/Maps/ThirdPersonMap.ThirdPersonMap:PersistentLevel.VolumetricCloud_0
 |- Actor Package: /Game/__ExternalActors__/ThirdPerson/Maps/ThirdPersonMap/3/EY/87SHEJN5UBEAN2K5OV1G6R
 |- Actor Path: /Game/ThirdPerson/Maps/ThirdPersonMap.ThirdPersonMap:PersistentLevel.WorldDataLayers
 |- Actor Package: /Game/__ExternalActors__/ThirdPerson/Maps/ThirdPersonMap/0/43/HYQWORMY4JDQ5X3OKZXFLC

----------------------------------------------------------------------------------------------------------------
ThirdPersonMap - Runtime Hash Set
----------------------------------------------------------------------------------------------------------------

